# JRE version: OpenJDK Runtime Environment (11.0.8) (build 11.0.8+0-b944-P17168821)
# Java VM: OpenJDK 64-Bit Server VM (11.0.8+0-b944-6842174, mixed mode, tiered, compressed oops, g1 gc, linux-amd64)
Heap:
 garbage-first heap   total 475136K, used 169593K [0x0000000080000000, 0x0000000100000000)
  region size 1024K, 5 young (5120K), 5 survivors (5120K)
 Metaspace       used 124596K, capacity 128693K, committed 128996K, reserved 1161216K
  class space    used 15235K, capacity 16570K, committed 16664K, reserved 1048576K
GC Heap History (20 events):
Event: 210,038 GC heap after
{Heap after GC invocations=49 (full 0):
 garbage-first heap   total 252928K, used 152756K [0x0000000080000000, 0x0000000100000000)
  region size 1024K, 6 young (6144K), 6 survivors (6144K)
 Metaspace       used 123849K, capacity 127887K, committed 128228K, reserved 1161216K
  class space    used 15185K, capacity 16537K, committed 16664K, reserved 1048576K
}
Event: 210,096 GC heap before
{Heap before GC invocations=49 (full 0):
 garbage-first heap   total 252928K, used 218292K [0x0000000080000000, 0x0000000100000000)
  region size 1024K, 65 young (66560K), 6 survivors (6144K)
 Metaspace       used 123973K, capacity 128015K, committed 128484K, reserved 1161216K
  class space    used 15190K, capacity 16537K, committed 16664K, reserved 1048576K
}
Event: 210,102 GC heap after
{Heap after GC invocations=50 (full 0):
 garbage-first heap   total 252928K, used 161297K [0x0000000080000000, 0x0000000100000000)
  region size 1024K, 8 young (8192K), 8 survivors (8192K)
 Metaspace       used 123973K, capacity 128015K, committed 128484K, reserved 1161216K
  class space    used 15190K, capacity 16537K, committed 16664K, reserved 1048576K
}
Event: 210,147 GC heap before
{Heap before GC invocations=50 (full 0):
 garbage-first heap   total 252928K, used 213521K [0x0000000080000000, 0x0000000100000000)
  region size 1024K, 61 young (62464K), 8 survivors (8192K)
 Metaspace       used 123974K, capacity 128015K, committed 128484K, reserved 1161216K
  class space    used 15190K, capacity 16537K, committed 16664K, reserved 1048576K
}
Event: 210,151 GC heap after
{Heap after GC invocations=51 (full 0):
 garbage-first heap   total 252928K, used 168375K [0x0000000080000000, 0x0000000100000000)
  region size 1024K, 7 young (7168K), 7 survivors (7168K)
 Metaspace       used 123974K, capacity 128015K, committed 128484K, reserved 1161216K
  class space    used 15190K, capacity 16537K, committed 16664K, reserved 1048576K
}
Event: 210,196 GC heap before
{Heap before GC invocations=51 (full 0):
 garbage-first heap   total 252928K, used 212407K [0x0000000080000000, 0x0000000100000000)
  region size 1024K, 51 young (52224K), 7 survivors (7168K)
 Metaspace       used 124279K, capacity 128309K, committed 128740K, reserved 1161216K
  class space    used 15217K, capacity 16570K, committed 16664K, reserved 1048576K
}
Event: 210,200 GC heap after
{Heap after GC invocations=52 (full 0):
 garbage-first heap   total 252928K, used 169602K [0x0000000080000000, 0x0000000100000000)
  region size 1024K, 2 young (2048K), 2 survivors (2048K)
 Metaspace       used 124279K, capacity 128309K, committed 128740K, reserved 1161216K
  class space    used 15217K, capacity 16570K, committed 16664K, reserved 1048576K
}
Event: 210,279 GC heap before
{Heap before GC invocations=52 (full 0):
 garbage-first heap   total 252928K, used 213634K [0x0000000080000000, 0x0000000100000000)
  region size 1024K, 46 young (47104K), 2 survivors (2048K)
 Metaspace       used 124503K, capacity 128565K, committed 128996K, reserved 1161216K
  class space    used 15234K, capacity 16570K, committed 16664K, reserved 1048576K
}
Event: 210,282 GC heap after
{Heap after GC invocations=53 (full 0):
 garbage-first heap   total 252928K, used 169847K [0x0000000080000000, 0x0000000100000000)
  region size 1024K, 2 young (2048K), 2 survivors (2048K)
 Metaspace       used 124503K, capacity 128565K, committed 128996K, reserved 1161216K
  class space    used 15234K, capacity 16570K, committed 16664K, reserved 1048576K
}
Event: 210,333 GC heap before
{Heap before GC invocations=53 (full 0):
 garbage-first heap   total 252928K, used 215927K [0x0000000080000000, 0x0000000100000000)
  region size 1024K, 47 young (48128K), 2 survivors (2048K)
 Metaspace       used 124518K, capacity 128565K, committed 128996K, reserved 1161216K
  class space    used 15234K, capacity 16570K, committed 16664K, reserved 1048576K
}
Event: 210,337 GC heap after
{Heap after GC invocations=54 (full 0):
 garbage-first heap   total 252928K, used 171191K [0x0000000080000000, 0x0000000100000000)
  region size 1024K, 3 young (3072K), 3 survivors (3072K)
 Metaspace       used 124518K, capacity 128565K, committed 128996K, reserved 1161216K
  class space    used 15234K, capacity 16570K, committed 16664K, reserved 1048576K
}
Event: 210,410 GC heap before
{Heap before GC invocations=54 (full 0):
 garbage-first heap   total 252928K, used 206007K [0x0000000080000000, 0x0000000100000000)
  region size 1024K, 48 young (49152K), 3 survivors (3072K)
 Metaspace       used 124518K, capacity 128565K, committed 128996K, reserved 1161216K
  class space    used 15234K, capacity 16570K, committed 16664K, reserved 1048576K
}
Event: 210,414 GC heap after
{Heap after GC invocations=55 (full 0):
 garbage-first heap   total 252928K, used 164655K [0x0000000080000000, 0x0000000100000000)
  region size 1024K, 6 young (6144K), 6 survivors (6144K)
 Metaspace       used 124518K, capacity 128565K, committed 128996K, reserved 1161216K
  class space    used 15234K, capacity 16570K, committed 16664K, reserved 1048576K
}
Event: 210,481 GC heap before
{Heap before GC invocations=55 (full 0):
 garbage-first heap   total 252928K, used 213807K [0x0000000080000000, 0x0000000100000000)
  region size 1024K, 55 young (56320K), 6 survivors (6144K)
 Metaspace       used 124536K, capacity 128565K, committed 128996K, reserved 1161216K
  class space    used 15234K, capacity 16570K, committed 16664K, reserved 1048576K
}
Event: 210,491 GC heap after
{Heap after GC invocations=56 (full 0):
 garbage-first heap   total 252928K, used 165736K [0x0000000080000000, 0x0000000100000000)
  region size 1024K, 5 young (5120K), 5 survivors (5120K)
 Metaspace       used 124536K, capacity 128565K, committed 128996K, reserved 1161216K
  class space    used 15234K, capacity 16570K, committed 16664K, reserved 1048576K
}
Event: 210,560 GC heap before
{Heap before GC invocations=56 (full 0):
 garbage-first heap   total 252928K, used 214888K [0x0000000080000000, 0x0000000100000000)
  region size 1024K, 54 young (55296K), 5 survivors (5120K)
 Metaspace       used 124536K, capacity 128565K, committed 128996K, reserved 1161216K
  class space    used 15234K, capacity 16570K, committed 16664K, reserved 1048576K
}
Event: 210,565 GC heap after
{Heap after GC invocations=57 (full 0):
 garbage-first heap   total 252928K, used 167430K [0x0000000080000000, 0x0000000100000000)
  region size 1024K, 4 young (4096K), 4 survivors (4096K)
 Metaspace       used 124536K, capacity 128565K, committed 128996K, reserved 1161216K
  class space    used 15234K, capacity 16570K, committed 16664K, reserved 1048576K
}
Event: 210,780 GC heap before
{Heap before GC invocations=57 (full 0):
 garbage-first heap   total 252928K, used 215558K [0x0000000080000000, 0x0000000100000000)
  region size 1024K, 52 young (53248K), 4 survivors (4096K)
 Metaspace       used 124569K, capacity 128629K, committed 128996K, reserved 1161216K
  class space    used 15234K, capacity 16570K, committed 16664K, reserved 1048576K
}
Event: 210,818 GC heap after
{Heap after GC invocations=58 (full 0):
 garbage-first heap   total 252928K, used 168062K [0x0000000080000000, 0x0000000100000000)
  region size 1024K, 4 young (4096K), 4 survivors (4096K)
 Metaspace       used 124569K, capacity 128629K, committed 128996K, reserved 1161216K
  class space    used 15234K, capacity 16570K, committed 16664K, reserved 1048576K
}
Event: 210,898 GC heap before
{Heap before GC invocations=59 (full 0):
 garbage-first heap   total 252928K, used 216190K [0x0000000080000000, 0x0000000100000000)
  region size 1024K, 52 young (53248K), 4 survivors (4096K)
 Metaspace       used 124596K, capacity 128693K, committed 128996K, reserved 1161216K
  class space    used 15235K, capacity 16570K, committed 16664K, reserved 1048576K
}

